<?xml version="1.0" encoding="UTF-8"?>
<!-- Generated by org.testng.reporters.JUnitReportReporter -->
<testsuite hostname="LoveYao-PC" name="org.b3log.latke.repository.jdbc.JdbcRepositoryTestCase" tests="1" failures="0" timestamp="7 Jan 2012 11:14:27 GMT" time="0.391" errors="0">
  <testcase name="hasAndCount" time="0.391" classname="org.b3log.latke.repository.jdbc.JdbcRepositoryTestCase"/>
</testsuite>
